Using pre-set license
Built from '2020.2/release' branch; Version is '2020.2.1f1 (270dd8c3da1c) revision 2559448'; Using compiler version '192528614'; Build Type 'Release'
OS: 'Windows 10  (10.0.0) 64bit' Language: 'en' Physical Memory: 16334 MB
BatchMode: 1, IsHumanControllingUs: 0, StartBugReporterOnCrash: 0, Is64bit: 1, IsPro: 0

 COMMAND LINE ARGUMENTS:
C:\Program Files\Unity\Hub\Editor\2020.2.1f1\Editor\Unity.exe
-adb2
-batchMode
-noUpm
-name
AssetImportWorker0
-projectPath
C:/Users/Kamina/Desktop/Dylan's2DProject
-logFile
Logs/AssetImportWorker0.log
-srvPort
64224
Successfully changed project path to: C:/Users/Kamina/Desktop/Dylan's2DProject
C:/Users/Kamina/Desktop/Dylan's2DProject
Using Asset Import Pipeline V2.
Refreshing native plugins compatible for Editor in 115.07 ms, found 1 plugins.
Preloading 0 native plugins for Editor in 0.00 ms.
Initialize engine version: 2020.2.1f1 (270dd8c3da1c)
[Subsystems] Discovering subsystems at path C:/Program Files/Unity/Hub/Editor/2020.2.1f1/Editor/Data/Resources/UnitySubsystems
[Subsystems] Discovering subsystems at path C:/Users/Kamina/Desktop/Dylan's2DProject/Assets
GfxDevice: creating device client; threaded=0
Direct3D:
    Version:  Direct3D 11.0 [level 11.1]
    Renderer: Radeon RX 580 Series (ID=0x67df)
    Vendor:   
    VRAM:     8171 MB
    Driver:   27.20.1034.6
Initialize mono
Mono path[0] = 'C:/Program Files/Unity/Hub/Editor/2020.2.1f1/Editor/Data/Managed'
Mono path[1] = 'C:/Program Files/Unity/Hub/Editor/2020.2.1f1/Editor/Data/MonoBleedingEdge/lib/mono/unityjit'
Mono config path = 'C:/Program Files/Unity/Hub/Editor/2020.2.1f1/Editor/Data/MonoBleedingEdge/etc'
Using monoOptions --debugger-agent=transport=dt_socket,embedding=1,server=y,suspend=n,address=127.0.0.1:56684
Begin MonoManager ReloadAssembly
Registering precompiled unity dll's ...
Register platform support module: C:/Program Files/Unity/Hub/Editor/2020.2.1f1/Editor/Data/PlaybackEngines/WindowsStandaloneSupport/UnityEditor.WindowsStandalone.Extensions.dll
Registered in 0.113580 seconds.
Native extension for WindowsStandalone target not found
Refreshing native plugins compatible for Editor in 38.02 ms, found 1 plugins.
Preloading 0 native plugins for Editor in 0.00 ms.
Invoked RoslynAnalysisRunner static constructor.
RoslynAnalysisRunner will not be running.
RoslynAnalysisRunner has terminated.
Mono: successfully reloaded assembly
- Completed reload, in  4.419 seconds
Platform modules already initialized, skipping
Registering precompiled user dll's ...
Registered in 0.055036 seconds.
Begin MonoManager ReloadAssembly
Native extension for WindowsStandalone target not found
Refreshing native plugins compatible for Editor in 39.81 ms, found 1 plugins.
Preloading 0 native plugins for Editor in 0.00 ms.
Invoked RoslynAnalysisRunner static constructor.
RoslynAnalysisRunner will not be running.
RoslynAnalysisRunner has terminated.
Mono: successfully reloaded assembly
- Completed reload, in  2.894 seconds
Platform modules already initialized, skipping
========================================================================
Worker process is ready to serve import requests
Launched and connected shader compiler UnityShaderCompiler.exe after 0.07 seconds
Refreshing native plugins compatible for Editor in 0.38 ms, found 1 plugins.
Preloading 0 native plugins for Editor in 0.00 ms.
Unloading 1770 Unused Serialized files (Serialized files now loaded: 0)
System memory in use before: 83.0 MB.
System memory in use after: 83.1 MB.

Unloading 19 unused Assets to reduce memory usage. Loaded Objects now: 2214.
Total: 2.232300 ms (FindLiveObjects: 0.243200 ms CreateObjectMapping: 0.051200 ms MarkObjects: 1.877900 ms  DeleteObjects: 0.058400 ms)

========================================================================
Received Import Request.
  path: Assets
  artifactKey: Guid(00000000000000001000000000000000) Importer(815301076,1909f56bfc062723c751e8b465ee728b)
Start importing Assets using Guid(00000000000000001000000000000000) Importer(815301076,1909f56bfc062723c751e8b465ee728b)  -> (artifact id: 'e1a2c4dac9df7c17871e19a3b74f0e9f') in 0.010885 seconds
  Import took 0.013788 seconds .

========================================================================
Received Import Request.
  Time since last request: 0.000391 seconds.
  path: Assets/Scripts
  artifactKey: Guid(d55e5d8dbaad2f74baadc808a3a8e6fb) Importer(815301076,1909f56bfc062723c751e8b465ee728b)
Start importing Assets/Scripts using Guid(d55e5d8dbaad2f74baadc808a3a8e6fb) Importer(815301076,1909f56bfc062723c751e8b465ee728b)  -> (artifact id: '4f8be9cbdb7c339b9f0855af7d8eb5f0') in 0.006820 seconds
  Import took 0.009526 seconds .

========================================================================
Received Import Request.
  Time since last request: 29.104023 seconds.
  path: Assets/Sprites
  artifactKey: Guid(6f86e929b479cfb448b55cafb64e0c7a) Importer(815301076,1909f56bfc062723c751e8b465ee728b)
Start importing Assets/Sprites using Guid(6f86e929b479cfb448b55cafb64e0c7a) Importer(815301076,1909f56bfc062723c751e8b465ee728b)  -> (artifact id: 'acb50ba6c53cf2ea1035845feed63f36') in 0.008786 seconds
  Import took 0.011967 seconds .

========================================================================
Received Import Request.
  Time since last request: 169.033332 seconds.
  path: Assets/Sprites/My First Tileset.png
  artifactKey: Guid(8e2743d443134e242812f876f2bdcbe5) Importer(815301076,1909f56bfc062723c751e8b465ee728b)
Start importing Assets/Sprites/My First Tileset.png using Guid(8e2743d443134e242812f876f2bdcbe5) Importer(815301076,1909f56bfc062723c751e8b465ee728b)  -> (artifact id: 'dded576f5d1999071f6125397cddebd5') in 0.150533 seconds
  Import took 0.153734 seconds .

========================================================================
Received Import Request.
  Time since last request: 72.582411 seconds.
  path: Assets/Sprites/My First Tileset.png
  artifactKey: Guid(8e2743d443134e242812f876f2bdcbe5) Importer(815301076,1909f56bfc062723c751e8b465ee728b)
Start importing Assets/Sprites/My First Tileset.png using Guid(8e2743d443134e242812f876f2bdcbe5) Importer(815301076,1909f56bfc062723c751e8b465ee728b)  -> (artifact id: 'b50dc3dcd97a67db367848f3c0dd0d0c') in 0.013228 seconds
  Import took 0.016745 seconds .

AssetImportWorkerClient::OnTransportError - code=2 error=End of file
